<?xml version="1.0" encoding="UTF-8"?>
<coverage generated="1766111484428" clover="3.2.0">
  <project timestamp="1766111484428" name="All files">
    <metrics statements="21" coveredstatements="18" conditionals="14" coveredconditionals="9" methods="5" coveredmethods="5" elements="40" coveredelements="32" complexity="0" loc="21" ncloc="21" packages="1" files="1" classes="1"/>
    <file name="form_connex.jsx" path="/home/mamoud/Bureau/CDAS/cdas_frontend/src/components/form_connex.jsx">
      <metrics statements="21" coveredstatements="18" conditionals="14" coveredconditionals="9" methods="5" coveredmethods="5"/>
      <line num="8" count="17" type="stmt"/>
      <line num="9" count="17" type="stmt"/>
      <line num="10" count="17" type="stmt"/>
      <line num="11" count="17" type="stmt"/>
      <line num="12" count="17" type="stmt"/>
      <line num="15" count="17" type="stmt"/>
      <line num="17" count="17" type="stmt"/>
      <line num="18" count="2" type="stmt"/>
      <line num="20" count="2" type="stmt"/>
      <line num="21" count="2" type="stmt"/>
      <line num="23" count="2" type="stmt"/>
      <line num="24" count="2" type="stmt"/>
      <line num="30" count="2" type="stmt"/>
      <line num="32" count="0" type="cond" truecount="0" falsecount="4"/>
      <line num="33" count="0" type="stmt"/>
      <line num="35" count="0" type="stmt"/>
      <line num="39" count="2" type="stmt"/>
      <line num="44" count="17" type="stmt"/>
      <line num="67" count="3" type="stmt"/>
      <line num="80" count="3" type="stmt"/>
      <line num="88" count="2" type="stmt"/>
    </file>
  </project>
</coverage>
