{"/home/mamoud/Bureau/CDAS/cdas_frontend/src/components/form_connex.jsx": {"path":"/home/mamoud/Bureau/CDAS/cdas_frontend/src/components/form_connex.jsx","statementMap":{"0":{"start":{"line":8,"column":24},"end":{"line":8,"column":null}},"1":{"start":{"line":9,"column":30},"end":{"line":9,"column":null}},"2":{"start":{"line":10,"column":38},"end":{"line":10,"column":null}},"3":{"start":{"line":11,"column":28},"end":{"line":11,"column":null}},"4":{"start":{"line":12,"column":24},"end":{"line":12,"column":null}},"5":{"start":{"line":15,"column":8},"end":{"line":15,"column":null}},"6":{"start":{"line":17,"column":23},"end":{"line":42,"column":null}},"7":{"start":{"line":18,"column":4},"end":{"line":18,"column":null}},"8":{"start":{"line":20,"column":4},"end":{"line":20,"column":null}},"9":{"start":{"line":21,"column":4},"end":{"line":21,"column":null}},"10":{"start":{"line":23,"column":4},"end":{"line":40,"column":null}},"11":{"start":{"line":24,"column":6},"end":{"line":27,"column":null}},"12":{"start":{"line":30,"column":6},"end":{"line":30,"column":null}},"13":{"start":{"line":32,"column":6},"end":{"line":36,"column":null}},"14":{"start":{"line":33,"column":8},"end":{"line":33,"column":null}},"15":{"start":{"line":35,"column":8},"end":{"line":35,"column":null}},"16":{"start":{"line":39,"column":6},"end":{"line":39,"column":null}},"17":{"start":{"line":44,"column":2},"end":{"line":127,"column":null}},"18":{"start":{"line":67,"column":31},"end":{"line":67,"column":null}},"19":{"start":{"line":80,"column":31},"end":{"line":80,"column":null}},"20":{"start":{"line":88,"column":29},"end":{"line":88,"column":null}}},"fnMap":{"0":{"name":"Login","decl":{"start":{"line":7,"column":24},"end":{"line":7,"column":32}},"loc":{"start":{"line":7,"column":32},"end":{"line":129,"column":null}},"line":7},"1":{"name":"(anonymous_1)","decl":{"start":{"line":17,"column":23},"end":{"line":17,"column":30}},"loc":{"start":{"line":17,"column":36},"end":{"line":42,"column":null}},"line":17},"2":{"name":"(anonymous_2)","decl":{"start":{"line":67,"column":24},"end":{"line":67,"column":25}},"loc":{"start":{"line":67,"column":31},"end":{"line":67,"column":null}},"line":67},"3":{"name":"(anonymous_3)","decl":{"start":{"line":80,"column":24},"end":{"line":80,"column":25}},"loc":{"start":{"line":80,"column":31},"end":{"line":80,"column":null}},"line":80},"4":{"name":"(anonymous_4)","decl":{"start":{"line":88,"column":23},"end":{"line":88,"column":29}},"loc":{"start":{"line":88,"column":29},"end":{"line":88,"column":null}},"line":88}},"branchMap":{"0":{"loc":{"start":{"line":32,"column":6},"end":{"line":36,"column":null}},"type":"if","locations":[{"start":{"line":32,"column":6},"end":{"line":36,"column":null}},{"start":{"line":34,"column":13},"end":{"line":36,"column":null}}],"line":32},"1":{"loc":{"start":{"line":32,"column":10},"end":{"line":32,"column":49}},"type":"binary-expr","locations":[{"start":{"line":32,"column":10},"end":{"line":32,"column":28}},{"start":{"line":32,"column":28},"end":{"line":32,"column":49}}],"line":32},"2":{"loc":{"start":{"line":76,"column":20},"end":{"line":76,"column":null}},"type":"cond-expr","locations":[{"start":{"line":76,"column":35},"end":{"line":76,"column":44}},{"start":{"line":76,"column":44},"end":{"line":76,"column":null}}],"line":76},"3":{"loc":{"start":{"line":92,"column":15},"end":{"line":92,"column":null}},"type":"cond-expr","locations":[{"start":{"line":92,"column":30},"end":{"line":92,"column":53}},{"start":{"line":92,"column":53},"end":{"line":92,"column":null}}],"line":92},"4":{"loc":{"start":{"line":97,"column":11},"end":{"line":100,"column":null}},"type":"binary-expr","locations":[{"start":{"line":97,"column":11},"end":{"line":97,"column":null}},{"start":{"line":98,"column":12},"end":{"line":100,"column":null}}],"line":97},"5":{"loc":{"start":{"line":108,"column":16},"end":{"line":110,"column":null}},"type":"cond-expr","locations":[{"start":{"line":109,"column":18},"end":{"line":109,"column":null}},{"start":{"line":110,"column":18},"end":{"line":110,"column":null}}],"line":108},"6":{"loc":{"start":{"line":114,"column":13},"end":{"line":114,"column":null}},"type":"cond-expr","locations":[{"start":{"line":114,"column":23},"end":{"line":114,"column":40}},{"start":{"line":114,"column":40},"end":{"line":114,"column":null}}],"line":114}},"s":{"0":17,"1":17,"2":17,"3":17,"4":17,"5":17,"6":17,"7":2,"8":2,"9":2,"10":2,"11":2,"12":2,"13":0,"14":0,"15":0,"16":2,"17":17,"18":3,"19":3,"20":2},"f":{"0":17,"1":2,"2":3,"3":3,"4":2},"b":{"0":[0,0],"1":[0,0],"2":[1,16],"3":[1,16],"4":[17,0],"5":[2,15],"6":[2,15]},"meta":{"lastBranch":7,"lastFunction":5,"lastStatement":21,"seen":{"f:7:24:7:32":0,"s:8:24:8:Infinity":0,"s:9:30:9:Infinity":1,"s:10:38:10:Infinity":2,"s:11:28:11:Infinity":3,"s:12:24:12:Infinity":4,"s:15:8:15:Infinity":5,"s:17:23:42:Infinity":6,"f:17:23:17:30":1,"s:18:4:18:Infinity":7,"s:20:4:20:Infinity":8,"s:21:4:21:Infinity":9,"s:23:4:40:Infinity":10,"s:24:6:27:Infinity":11,"s:30:6:30:Infinity":12,"b:32:6:36:Infinity:34:13:36:Infinity":0,"s:32:6:36:Infinity":13,"b:32:10:32:28:32:28:32:49":1,"s:33:8:33:Infinity":14,"s:35:8:35:Infinity":15,"s:39:6:39:Infinity":16,"s:44:2:127:Infinity":17,"f:67:24:67:25":2,"s:67:31:67:Infinity":18,"b:76:35:76:44:76:44:76:Infinity":2,"f:80:24:80:25":3,"s:80:31:80:Infinity":19,"f:88:23:88:29":4,"s:88:29:88:Infinity":20,"b:92:30:92:53:92:53:92:Infinity":3,"b:97:11:97:Infinity:98:12:100:Infinity":4,"b:109:18:109:Infinity:110:18:110:Infinity":5,"b:114:23:114:40:114:40:114:Infinity":6}}}
}
